<?xml version="1.0" encoding="UTF-8"?>
<!-- Generated by org.testng.reporters.JUnitXMLReporter -->
<testsuite ignored="0" hostname="DESKTOP-077G3EM" failures="1" tests="4" name="Plobal" time="233.68" errors="0" timestamp="2022-10-14T20:06:36 IST">
  <testcase classname="com.Plobal.TestScripts.PlobalTestScripts" name="plobalAppLaunch" time="13.022"/>
  <testcase classname="com.Plobal.TestScripts.PlobalTestScripts" name="plobalLogin" time="30.471"/>
  <testcase classname="com.Plobal.TestScripts.PlobalTestScripts" name="plobalSelectItem" time="21.901"/>
  <testcase classname="com.Plobal.TestScripts.PlobalTestScripts" name="plobalCleverTap" time="134.839">
    <failure type="java.lang.AssertionError" message="The following asserts failed:
	expected [1400] but found [$17,01 ]">
      <![CDATA[java.lang.AssertionError: The following asserts failed:
expected [1400] but found [$17,01 ]
at com.business.Plobal.PlobalBusinessLogic.productViewedCleverTap(PlobalBusinessLogic.java:547)
at com.business.Plobal.PlobalBusinessLogic.cleverTap(PlobalBusinessLogic.java:503)
at com.Plobal.TestScripts.PlobalTestScripts.plobalCleverTap(PlobalTestScripts.java:79)
at java.base/java.util.ArrayList.forEach(ArrayList.java:1511)
... Removed 27 stack frames]]>
    </failure>
  </testcase> <!-- plobalCleverTap -->
</testsuite> <!-- Plobal -->
