<html>
<head>
<title>TestNG:  Plobal</title>
<link href="../testng.css" rel="stylesheet" type="text/css" />
<link href="../my-testng.css" rel="stylesheet" type="text/css" />

<style type="text/css">
.log { display: none;} 
.stack-trace { display: none;} 
</style>
<script type="text/javascript">
<!--
function flip(e) {
  current = e.style.display;
  if (current == 'block') {
    e.style.display = 'none';
    return 0;
  }
  else {
    e.style.display = 'block';
    return 1;
  }
}

function toggleBox(szDivId, elem, msg1, msg2)
{
  var res = -1;  if (document.getElementById) {
    res = flip(document.getElementById(szDivId));
  }
  else if (document.all) {
    // this is the way old msie versions work
    res = flip(document.all[szDivId]);
  }
  if(elem) {
    if(res == 0) elem.innerHTML = msg1; else elem.innerHTML = msg2;
  }

}

function toggleAllBoxes() {
  if (document.getElementsByTagName) {
    d = document.getElementsByTagName('div');
    for (i = 0; i < d.length; i++) {
      if (d[i].className == 'log') {
        flip(d[i]);
      }
    }
  }
}

// -->
</script>

</head>
<body>
<h2 align='center'>Plobal</h2><table border='1' align="center">
<tr>
<td>Tests passed/Failed/Skipped:</td><td>8/1/0</td>
</tr><tr>
<td>Started on:</td><td>Mon Oct 17 00:13:14 IST 2022</td>
</tr>
<tr><td>Total time:</td><td>663 seconds (663112 ms)</td>
</tr><tr>
<td>Included groups:</td><td></td>
</tr><tr>
<td>Excluded groups:</td><td></td>
</tr>
</table><p/>
<small><i>(Hover the method name to see the test class name)</i></small><p/>
<table width='100%' border='1' class='invocation-failed'>
<tr><td colspan='4' align='center'><b>FAILED TESTS</b></td></tr>
<tr><td><b>Test method</b></td>
<td width="30%"><b>Exception</b></td>
<td width="10%"><b>Time (seconds)</b></td>
<td><b>Instance</b></td>
</tr>
<tr>
<td title='com.Plobal.TestScripts.PlobalTestScripts.plobalCleverTap()'><b>plobalCleverTap</b><br>Test class: com.Plobal.TestScripts.PlobalTestScripts<br>Parameters: lee805811@gmail.com, 123456, test@mailnesia.com</td>
<td><div><pre>java.lang.AssertionError: The following asserts failed:
	expected [1400] but found [$16,99 ],
	expected [1400] but found [$16,99 ],
	expected [1652] but found [$20,04 ]
	at com.business.Plobal.PlobalBusinessLogic.cleverTap(PlobalBusinessLogic.java:580)
	at com.Plobal.TestScripts.PlobalTestScripts.plobalCleverTap(PlobalTestScripts.java:79)
	at java.base/java.util.ArrayList.forEach(ArrayList.java:1511)
... Removed 27 stack frames</pre></div><a href='#' onClick='toggleBox("stack-trace2077742876", this, "Click to show all stack frames", "Click to hide stack frames")'>Click to show all stack frames</a>
<div class='stack-trace' id='stack-trace2077742876'><pre>java.lang.AssertionError: The following asserts failed:
	expected [1400] but found [$16,99 ],
	expected [1400] but found [$16,99 ],
	expected [1652] but found [$20,04 ]
	at org.testng.asserts.SoftAssert.assertAll(SoftAssert.java:47)
	at org.testng.asserts.SoftAssert.assertAll(SoftAssert.java:31)
	at com.business.Plobal.PlobalBusinessLogic.cleverTap(PlobalBusinessLogic.java:580)
	at com.Plobal.TestScripts.PlobalTestScripts.plobalCleverTap(PlobalTestScripts.java:79)
	at java.base/jdk.internal.reflect.DirectMethodHandleAccessor.invoke(DirectMethodHandleAccessor.java:104)
	at java.base/java.lang.reflect.Method.invoke(Method.java:577)
	at org.testng.internal.MethodInvocationHelper.invokeMethod(MethodInvocationHelper.java:134)
	at org.testng.internal.TestInvoker.invokeMethod(TestInvoker.java:597)
	at org.testng.internal.TestInvoker.invokeTestMethod(TestInvoker.java:173)
	at org.testng.internal.MethodRunner.runInSequence(MethodRunner.java:46)
	at org.testng.internal.TestInvoker$MethodInvocationAgent.invoke(TestInvoker.java:816)
	at org.testng.internal.TestInvoker.invokeTestMethods(TestInvoker.java:146)
	at org.testng.internal.TestMethodWorker.invokeTestMethods(TestMethodWorker.java:146)
	at org.testng.internal.TestMethodWorker.run(TestMethodWorker.java:128)
	at java.base/java.util.ArrayList.forEach(ArrayList.java:1511)
	at org.testng.TestRunner.privateRun(TestRunner.java:766)
	at org.testng.TestRunner.run(TestRunner.java:587)
	at org.testng.SuiteRunner.runTest(SuiteRunner.java:384)
	at org.testng.SuiteRunner.runSequentially(SuiteRunner.java:378)
	at org.testng.SuiteRunner.privateRun(SuiteRunner.java:337)
	at org.testng.SuiteRunner.run(SuiteRunner.java:286)
	at org.testng.SuiteRunnerWorker.runSuite(SuiteRunnerWorker.java:53)
	at org.testng.SuiteRunnerWorker.run(SuiteRunnerWorker.java:96)
	at org.testng.TestNG.runSuitesSequentially(TestNG.java:1187)
	at org.testng.TestNG.runSuitesLocally(TestNG.java:1109)
	at org.testng.TestNG.runSuites(TestNG.java:1039)
	at org.testng.TestNG.run(TestNG.java:1007)
	at org.testng.remote.AbstractRemoteTestNG.run(AbstractRemoteTestNG.java:115)
	at org.testng.remote.RemoteTestNG.initAndRun(RemoteTestNG.java:251)
	at org.testng.remote.RemoteTestNG.main(RemoteTestNG.java:77)
</pre></div></td>
<td>185</td>
<td>com.Plobal.TestScripts.PlobalTestScripts@6731787b</td></tr>
</table><p>
<table width='100%' border='1' class='invocation-passed'>
<tr><td colspan='4' align='center'><b>PASSED TESTS</b></td></tr>
<tr><td><b>Test method</b></td>
<td width="30%"><b>Exception</b></td>
<td width="10%"><b>Time (seconds)</b></td>
<td><b>Instance</b></td>
</tr>
<tr>
<td title='com.Plobal.TestScripts.PlobalTestScripts.plobalAppLaunch()'><b>plobalAppLaunch</b><br>Test class: com.Plobal.TestScripts.PlobalTestScripts</td>
<td></td>
<td>12</td>
<td>com.Plobal.TestScripts.PlobalTestScripts@6731787b</td></tr>
<tr>
<td title='com.Plobal.TestScripts.PlobalTestScripts.plobalDeliveryAddress()'><b>plobalDeliveryAddress</b><br>Test class: com.Plobal.TestScripts.PlobalTestScripts<br>Parameters: Confirm_Address</td>
<td></td>
<td>99</td>
<td>com.Plobal.TestScripts.PlobalTestScripts@6731787b</td></tr>
<tr>
<td title='com.Plobal.TestScripts.PlobalTestScripts.plobalLogin()'><b>plobalLogin</b><br>Test class: com.Plobal.TestScripts.PlobalTestScripts<br>Parameters: abc@gmail.com, 1UB7p90IVxlFRmBv2ig8ag, test@mailnesia.com, 123456</td>
<td></td>
<td>31</td>
<td>com.Plobal.TestScripts.PlobalTestScripts@6731787b</td></tr>
<tr>
<td title='com.Plobal.TestScripts.PlobalTestScripts.plobalLogout()'><b>plobalLogout</b><br>Test class: com.Plobal.TestScripts.PlobalTestScripts</td>
<td></td>
<td>13</td>
<td>com.Plobal.TestScripts.PlobalTestScripts@6731787b</td></tr>
<tr>
<td title='com.Plobal.TestScripts.PlobalTestScripts.plobalPaymentOption()'><b>plobalPaymentOption</b><br>Test class: com.Plobal.TestScripts.PlobalTestScripts</td>
<td></td>
<td>7</td>
<td>com.Plobal.TestScripts.PlobalTestScripts@6731787b</td></tr>
<tr>
<td title='com.Plobal.TestScripts.PlobalTestScripts.plobalSearchProduct()'><b>plobalSearchProduct</b><br>Test class: com.Plobal.TestScripts.PlobalTestScripts<br>Parameters: Confirm_Address</td>
<td></td>
<td>133</td>
<td>com.Plobal.TestScripts.PlobalTestScripts@6731787b</td></tr>
<tr>
<td title='com.Plobal.TestScripts.PlobalTestScripts.plobalSearchProductByBarCode()'><b>plobalSearchProductByBarCode</b><br>Test class: com.Plobal.TestScripts.PlobalTestScripts<br>Parameters: Confirm_Address</td>
<td></td>
<td>114</td>
<td>com.Plobal.TestScripts.PlobalTestScripts@6731787b</td></tr>
<tr>
<td title='com.Plobal.TestScripts.PlobalTestScripts.plobalSelectItem()'><b>plobalSelectItem</b><br>Test class: com.Plobal.TestScripts.PlobalTestScripts<br>Parameters: L</td>
<td></td>
<td>28</td>
<td>com.Plobal.TestScripts.PlobalTestScripts@6731787b</td></tr>
</table><p>
</body>
</html>