<?xml version="1.0" encoding="UTF-8"?>
<testng-results ignored="0" total="9" passed="8" failed="1" skipped="0">
  <reporter-output>
  </reporter-output>
  <suite started-at="2022-10-17T00:13:14 IST" name="Android" finished-at="2022-10-17T00:24:17 IST" duration-ms="663112">
    <groups>
    </groups>
    <test started-at="2022-10-17T00:13:14 IST" name="Plobal" finished-at="2022-10-17T00:24:17 IST" duration-ms="663112">
      <class name="com.Plobal.TestScripts.PlobalTestScripts">
        <test-method is-config="true" signature="Before()[pri:0, instance:com.Plobal.TestScripts.PlobalTestScripts@6731787b]" started-at="2022-10-17T00:13:24 IST" name="Before" finished-at="2022-10-17T00:13:38 IST" duration-ms="14341" status="PASS">
          <reporter-output>
          </reporter-output>
        </test-method> <!-- Before -->
        <test-method signature="plobalAppLaunch()[pri:0, instance:com.Plobal.TestScripts.PlobalTestScripts@6731787b]" started-at="2022-10-17T00:13:38 IST" name="plobalAppLaunch" finished-at="2022-10-17T00:13:51 IST" duration-ms="12314" status="PASS">
          <reporter-output>
          </reporter-output>
        </test-method> <!-- plobalAppLaunch -->
        <test-method signature="plobalLogin(java.lang.String, java.lang.String, java.lang.String, java.lang.String)[pri:1, instance:com.Plobal.TestScripts.PlobalTestScripts@6731787b]" started-at="2022-10-17T00:13:53 IST" name="plobalLogin" finished-at="2022-10-17T00:14:25 IST" duration-ms="31410" status="PASS">
          <params>
            <param index="0">
              <value>
                <![CDATA[abc@gmail.com]]>
              </value>
            </param>
            <param index="1">
              <value>
                <![CDATA[1UB7p90IVxlFRmBv2ig8ag]]>
              </value>
            </param>
            <param index="2">
              <value>
                <![CDATA[test@mailnesia.com]]>
              </value>
            </param>
            <param index="3">
              <value>
                <![CDATA[123456]]>
              </value>
            </param>
          </params>
          <reporter-output>
          </reporter-output>
        </test-method> <!-- plobalLogin -->
        <test-method signature="plobalSelectItem(java.lang.String)[pri:2, instance:com.Plobal.TestScripts.PlobalTestScripts@6731787b]" started-at="2022-10-17T00:14:27 IST" name="plobalSelectItem" finished-at="2022-10-17T00:14:55 IST" duration-ms="28143" status="PASS">
          <params>
            <param index="0">
              <value>
                <![CDATA[L]]>
              </value>
            </param>
          </params>
          <reporter-output>
          </reporter-output>
        </test-method> <!-- plobalSelectItem -->
        <test-method signature="plobalPaymentOption()[pri:3, instance:com.Plobal.TestScripts.PlobalTestScripts@6731787b]" started-at="2022-10-17T00:14:56 IST" name="plobalPaymentOption" finished-at="2022-10-17T00:15:03 IST" duration-ms="7342" status="PASS">
          <reporter-output>
          </reporter-output>
        </test-method> <!-- plobalPaymentOption -->
        <test-method signature="plobalDeliveryAddress(java.lang.String)[pri:4, instance:com.Plobal.TestScripts.PlobalTestScripts@6731787b]" started-at="2022-10-17T00:15:03 IST" name="plobalDeliveryAddress" finished-at="2022-10-17T00:16:43 IST" duration-ms="99726" status="PASS">
          <params>
            <param index="0">
              <value>
                <![CDATA[Confirm_Address]]>
              </value>
            </param>
          </params>
          <reporter-output>
          </reporter-output>
        </test-method> <!-- plobalDeliveryAddress -->
        <test-method signature="plobalSearchProduct(java.lang.String)[pri:5, instance:com.Plobal.TestScripts.PlobalTestScripts@6731787b]" started-at="2022-10-17T00:16:45 IST" name="plobalSearchProduct" finished-at="2022-10-17T00:18:58 IST" duration-ms="133539" status="PASS">
          <params>
            <param index="0">
              <value>
                <![CDATA[Confirm_Address]]>
              </value>
            </param>
          </params>
          <reporter-output>
          </reporter-output>
        </test-method> <!-- plobalSearchProduct -->
        <test-method signature="plobalSearchProductByBarCode(java.lang.String)[pri:6, instance:com.Plobal.TestScripts.PlobalTestScripts@6731787b]" started-at="2022-10-17T00:19:00 IST" name="plobalSearchProductByBarCode" finished-at="2022-10-17T00:20:54 IST" duration-ms="114586" status="PASS">
          <params>
            <param index="0">
              <value>
                <![CDATA[Confirm_Address]]>
              </value>
            </param>
          </params>
          <reporter-output>
          </reporter-output>
        </test-method> <!-- plobalSearchProductByBarCode -->
        <test-method signature="plobalLogout()[pri:7, instance:com.Plobal.TestScripts.PlobalTestScripts@6731787b]" started-at="2022-10-17T00:20:56 IST" name="plobalLogout" finished-at="2022-10-17T00:21:10 IST" duration-ms="13869" status="PASS">
          <reporter-output>
          </reporter-output>
        </test-method> <!-- plobalLogout -->
        <test-method signature="plobalCleverTap(java.lang.String, java.lang.String, java.lang.String)[pri:8, instance:com.Plobal.TestScripts.PlobalTestScripts@6731787b]" started-at="2022-10-17T00:21:10 IST" name="plobalCleverTap" finished-at="2022-10-17T00:24:16 IST" duration-ms="185950" status="FAIL">
          <params>
            <param index="0">
              <value>
                <![CDATA[lee805811@gmail.com]]>
              </value>
            </param>
            <param index="1">
              <value>
                <![CDATA[123456]]>
              </value>
            </param>
            <param index="2">
              <value>
                <![CDATA[test@mailnesia.com]]>
              </value>
            </param>
          </params>
          <exception class="java.lang.AssertionError">
            <message>
              <![CDATA[The following asserts failed:
expected [1400] but found [$16,99 ],
expected [1400] but found [$16,99 ],
expected [1652] but found [$20,04 ]]]>
            </message>
            <full-stacktrace>
              <![CDATA[java.lang.AssertionError: The following asserts failed:
expected [1400] but found [$16,99 ],
expected [1400] but found [$16,99 ],
expected [1652] but found [$20,04 ]
at org.testng.asserts.SoftAssert.assertAll(SoftAssert.java:47)
at org.testng.asserts.SoftAssert.assertAll(SoftAssert.java:31)
at com.business.Plobal.PlobalBusinessLogic.cleverTap(PlobalBusinessLogic.java:580)
at com.Plobal.TestScripts.PlobalTestScripts.plobalCleverTap(PlobalTestScripts.java:79)
at java.base/jdk.internal.reflect.DirectMethodHandleAccessor.invoke(DirectMethodHandleAccessor.java:104)
at java.base/java.lang.reflect.Method.invoke(Method.java:577)
at org.testng.internal.MethodInvocationHelper.invokeMethod(MethodInvocationHelper.java:134)
at org.testng.internal.TestInvoker.invokeMethod(TestInvoker.java:597)
at org.testng.internal.TestInvoker.invokeTestMethod(TestInvoker.java:173)
at org.testng.internal.MethodRunner.runInSequence(MethodRunner.java:46)
at org.testng.internal.TestInvoker$MethodInvocationAgent.invoke(TestInvoker.java:816)
at org.testng.internal.TestInvoker.invokeTestMethods(TestInvoker.java:146)
at org.testng.internal.TestMethodWorker.invokeTestMethods(TestMethodWorker.java:146)
at org.testng.internal.TestMethodWorker.run(TestMethodWorker.java:128)
at java.base/java.util.ArrayList.forEach(ArrayList.java:1511)
at org.testng.TestRunner.privateRun(TestRunner.java:766)
at org.testng.TestRunner.run(TestRunner.java:587)
at org.testng.SuiteRunner.runTest(SuiteRunner.java:384)
at org.testng.SuiteRunner.runSequentially(SuiteRunner.java:378)
at org.testng.SuiteRunner.privateRun(SuiteRunner.java:337)
at org.testng.SuiteRunner.run(SuiteRunner.java:286)
at org.testng.SuiteRunnerWorker.runSuite(SuiteRunnerWorker.java:53)
at org.testng.SuiteRunnerWorker.run(SuiteRunnerWorker.java:96)
at org.testng.TestNG.runSuitesSequentially(TestNG.java:1187)
at org.testng.TestNG.runSuitesLocally(TestNG.java:1109)
at org.testng.TestNG.runSuites(TestNG.java:1039)
at org.testng.TestNG.run(TestNG.java:1007)
at org.testng.remote.AbstractRemoteTestNG.run(AbstractRemoteTestNG.java:115)
at org.testng.remote.RemoteTestNG.initAndRun(RemoteTestNG.java:251)
at org.testng.remote.RemoteTestNG.main(RemoteTestNG.java:77)
]]>
            </full-stacktrace>
          </exception> <!-- java.lang.AssertionError -->
          <reporter-output>
          </reporter-output>
        </test-method> <!-- plobalCleverTap -->
        <test-method is-config="true" signature="plobalAppQuit()[pri:0, instance:com.Plobal.TestScripts.PlobalTestScripts@6731787b]" started-at="2022-10-17T00:24:16 IST" name="plobalAppQuit" finished-at="2022-10-17T00:24:17 IST" duration-ms="729" status="PASS">
          <reporter-output>
          </reporter-output>
        </test-method> <!-- plobalAppQuit -->
      </class> <!-- com.Plobal.TestScripts.PlobalTestScripts -->
    </test> <!-- Plobal -->
  </suite> <!-- Android -->
</testng-results>
